
=== Wed Feb 20 09:49:53 2019

Packages were changed.
Update Mode: updateDependencies

The following packages were added:
  com.unity.collab-proxy@1.2.15
  com.unity.timeline@1.0.0
  com.unity.xr.legacyinputhelpers@1.0.0
The following packages were updated:
  com.unity.analytics from version 2.0.16 to 3.2.2
  com.unity.package-manager-ui from version 1.9.11 to 2.1.1
  com.unity.textmeshpro from version 1.2.4 to 1.3.0

=== Sat May  4 09:16:18 2019

Packages were changed.
Update Mode: updateDependencies

The following packages were added:
  com.unity.2d.tilemap@1.0.0
  com.unity.2d.sprite@1.0.0
  com.unity.ide.vscode@1.0.3
  com.unity.ide.visualstudio@1.0.3
  com.unity.ide.rider@1.0.2
The following packages were updated:
  com.unity.collab-proxy from version 1.2.15 to 1.2.16
  com.unity.package-manager-ui from version 2.1.1 to 2.2.0
  com.unity.purchasing from version 2.0.3 to 2.0.6
  com.unity.xr.legacyinputhelpers from version 1.0.0 to 2.0.2
